<?xml version="1.0" encoding="UTF-8"?>
<!-- Generated by org.testng.reporters.JUnitXMLReporter -->
<testsuite hostname="VaidhuSanthu" ignored="0" name="BDD Test" tests="1" failures="1" timestamp="17 May 2020 20:34:03 GMT" time="1.293" errors="0">
  <testcase name="WebServiceTesting" time="1.203" classname="com.qmetry.qaf.automation.step.client.Scenario">
    <failure type="java.lang.NoSuchMethodError" message="org.hamcrest.Matcher.describeMismatch(Ljava/lang/Object;Lorg/hamcrest/Description;)V">
      <![CDATA[java.lang.NoSuchMethodError: org.hamcrest.Matcher.describeMismatch(Ljava/lang/Object;Lorg/hamcrest/Description;)V
	at .Then response should have status code '200'(scenarios/suite1.bdd:4)
	at com.qmetry.qaf.automation.util.Validator.verifyThat(Validator.java:48)
	at com.qmetry.qaf.automation.util.Validator.assertThat(Validator.java:68)
	at com.qmetry.qaf.automation.step.WsStep.responseShouldHaveStatusCode_aroundBody2(WsStep.java:130)
	at com.qmetry.qaf.automation.step.JavaStepReporter.javaTestStep(JavaStepReporter.java:101)
	at com.qmetry.qaf.automation.step.WsStep.responseShouldHaveStatusCode(WsStep.java:129)
	at com.qmetry.qaf.automation.step.JavaStep.doExecute(JavaStep.java:153)
	at com.qmetry.qaf.automation.step.BaseTestStep.execute(BaseTestStep.java:149)
	at com.qmetry.qaf.automation.step.StringTestStep.execute(StringTestStep.java:134)
	at com.qmetry.qaf.automation.step.client.Scenario.execute(Scenario.java:180)
	at com.qmetry.qaf.automation.step.client.Scenario.scenario(Scenario.java:232)
]]>
    </failure>
  </testcase> <!-- WebServiceTesting -->
</testsuite> <!-- BDD Test -->
