<?xml version="1.0" encoding="UTF-8"?>
<!-- Generated by org.testng.reporters.JUnitXMLReporter -->
<testsuite hostname="VaidhuSanthu" ignored="0" name="java Test" tests="6" failures="0" timestamp="10 May 2020 01:04:05 GMT" time="340.456" errors="0">
  <testcase name="verifyTestFoodReceipeTitle" time="31.755" classname="com.qmetry.qaf.example.test.FoodTestCasesAdv"/>
  <testcase name="verifySearchResults" time="45.03" classname="com.qmetry.qaf.example.test.FoodTestCasesAdv"/>
  <testcase name="verifyInvalidSearch" time="24.217" classname="com.qmetry.qaf.example.test.FoodTestCasesAdv"/>
  <testcase name="verifySaveForGuest" time="65.939" classname="com.qmetry.qaf.example.test.FoodTestCasesAdv"/>
  <testcase name="verifyReviewForGuest" time="86.027" classname="com.qmetry.qaf.example.test.FoodTestCasesAdv"/>
  <testcase name="verifySaveForRegUser" time="86.994" classname="com.qmetry.qaf.example.test.FoodTestCasesAdv"/>
</testsuite> <!-- java Test -->
